2026-02-15 19:49:08,229 INFO Starting prompt A/B training: epochs=10, sampled_cases=5, thinking=med-synth
2026-02-15 19:49:08,229 INFO [training:run_started] epoch=0/10 phase=init step=startup msg=Training run initialized
2026-02-15 19:49:08,230 INFO [training:epoch_started] epoch=1/10 phase=epoch step=start msg=Epoch 1/10 started
2026-02-15 19:49:08,231 INFO [training:sample_selected] epoch=1/10 phase=sampling step=select_cases msg=Selected 5 case(s) for epoch 1
2026-02-15 19:49:08,231 INFO Epoch 1/10 - Phase A baseline
2026-02-15 19:49:08,231 INFO [training:phase_started] epoch=1/10 phase=phase_a_eval step=evaluate_baseline msg=Epoch 1: evaluating baseline prompts
2026-02-15 19:49:08,232 INFO [training:case_started] epoch=1/10 phase=phase_a_eval step=case_run msg=Running case 1/5
2026-02-15 19:51:18,650 INFO [training:case_completed] epoch=1/10 phase=phase_a_eval step=case_scored msg=Case 1/5 scored
2026-02-15 19:51:18,652 INFO [training:case_started] epoch=1/10 phase=phase_a_eval step=case_run msg=Running case 2/5
2026-02-15 19:53:01,927 INFO [training:case_completed] epoch=1/10 phase=phase_a_eval step=case_scored msg=Case 2/5 scored
2026-02-15 19:53:01,928 INFO [training:case_started] epoch=1/10 phase=phase_a_eval step=case_run msg=Running case 3/5
2026-02-15 19:58:02,113 INFO [training:case_completed] epoch=1/10 phase=phase_a_eval step=case_scored msg=Case 3/5 scored
2026-02-15 19:58:02,113 INFO [training:case_started] epoch=1/10 phase=phase_a_eval step=case_run msg=Running case 4/5
2026-02-15 20:02:51,051 INFO [training:case_completed] epoch=1/10 phase=phase_a_eval step=case_scored msg=Case 4/5 scored
2026-02-15 20:02:51,052 INFO [training:case_started] epoch=1/10 phase=phase_a_eval step=case_run msg=Running case 5/5
2026-02-15 20:06:00,877 INFO [training:case_completed] epoch=1/10 phase=phase_a_eval step=case_scored msg=Case 5/5 scored
2026-02-15 20:06:00,879 INFO [training:phase_completed] epoch=1/10 phase=phase_a_eval step=evaluate_baseline_done msg=Epoch 1: baseline evaluation completed
2026-02-15 20:06:00,880 INFO [training:rca_batch_started] epoch=1/10 phase=rca step=identify_failures msg=Epoch 1: running RCA on 2 failed case(s)
2026-02-15 20:06:00,881 INFO [training:rca_started] epoch=1/10 phase=rca step=case_rca msg=Epoch 1: RCA 1/2
2026-02-15 20:06:00,891 INFO [training:run_error] epoch=1/10 phase=error step=failed msg=Circular reference detected
2026-02-15 20:06:00,892 ERROR Training run failed: Circular reference detected
Traceback (most recent call last):
  File "/Users/harry/Documents/Python_Projects/ThinkingWithoutThinking/src/prompt_training.py", line 835, in train_ab_loop
    analyses = root_cause_analysis(
               ^^^^^^^^^^^^^^^^^^^^
  File "/Users/harry/Documents/Python_Projects/ThinkingWithoutThinking/src/prompt_training.py", line 437, in root_cause_analysis
    f"Full run output (for RCA):\n{json.dumps(run_output, ensure_ascii=True)}\n\n"
                                   ^^^^^^^^^^^^^^^^^^^^^^^^^^^^^^^^^^^^^^^^^
  File "/Library/Frameworks/Python.framework/Versions/3.12/lib/python3.12/json/__init__.py", line 231, in dumps
    return _default_encoder.encode(obj)
           ^^^^^^^^^^^^^^^^^^^^^^^^^^^^
  File "/Library/Frameworks/Python.framework/Versions/3.12/lib/python3.12/json/encoder.py", line 200, in encode
    chunks = self.iterencode(o, _one_shot=True)
             ^^^^^^^^^^^^^^^^^^^^^^^^^^^^^^^^^^
  File "/Library/Frameworks/Python.framework/Versions/3.12/lib/python3.12/json/encoder.py", line 258, in iterencode
    return _iterencode(o, 0)
           ^^^^^^^^^^^^^^^^^
ValueError: Circular reference detected
2026-02-15 20:13:17,930 INFO Starting prompt A/B training: epochs=10, sampled_cases=5, thinking=med-synth
2026-02-15 20:13:17,930 INFO [training:run_started] epoch=0/10 phase=init step=startup msg=Training run initialized
2026-02-15 20:13:17,931 INFO [training:epoch_started] epoch=1/10 phase=epoch step=start msg=Epoch 1/10 started
2026-02-15 20:13:17,931 INFO [training:sample_selected] epoch=1/10 phase=sampling step=select_cases msg=Selected 5 case(s) for epoch 1
2026-02-15 20:13:17,931 INFO Epoch 1/10 - Phase A baseline
2026-02-15 20:13:17,931 INFO [training:phase_started] epoch=1/10 phase=phase_a_eval step=evaluate_baseline msg=Epoch 1: evaluating baseline prompts
2026-02-15 20:13:17,932 INFO [training:case_started] epoch=1/10 phase=phase_a_eval step=case_run msg=Running case 1/5
2026-02-15 20:15:23,458 INFO [training:case_completed] epoch=1/10 phase=phase_a_eval step=case_scored msg=Case 1/5 scored
2026-02-15 20:15:23,458 INFO [training:case_started] epoch=1/10 phase=phase_a_eval step=case_run msg=Running case 2/5
2026-02-15 20:15:56,535 INFO [training:case_completed] epoch=1/10 phase=phase_a_eval step=case_scored msg=Case 2/5 scored
2026-02-15 20:15:56,536 INFO [training:case_started] epoch=1/10 phase=phase_a_eval step=case_run msg=Running case 3/5
2026-02-15 20:16:43,503 INFO [training:case_completed] epoch=1/10 phase=phase_a_eval step=case_scored msg=Case 3/5 scored
2026-02-15 20:16:43,504 INFO [training:case_started] epoch=1/10 phase=phase_a_eval step=case_run msg=Running case 4/5
2026-02-15 20:18:26,491 INFO [training:case_completed] epoch=1/10 phase=phase_a_eval step=case_scored msg=Case 4/5 scored
2026-02-15 20:18:26,492 INFO [training:case_started] epoch=1/10 phase=phase_a_eval step=case_run msg=Running case 5/5
2026-02-15 20:22:25,452 INFO [training:case_completed] epoch=1/10 phase=phase_a_eval step=case_scored msg=Case 5/5 scored
2026-02-15 20:22:25,453 INFO [training:phase_completed] epoch=1/10 phase=phase_a_eval step=evaluate_baseline_done msg=Epoch 1: baseline evaluation completed
2026-02-15 20:22:25,454 INFO [training:rca_batch_started] epoch=1/10 phase=rca step=identify_failures msg=Epoch 1: running RCA on 1 failed case(s)
2026-02-15 20:22:25,454 INFO [training:rca_started] epoch=1/10 phase=rca step=case_rca msg=Epoch 1: RCA 1/1
2026-02-15 20:23:16,551 INFO RCA generated with model=nemotron
2026-02-15 20:23:16,552 INFO [training:rca_completed] epoch=1/10 phase=rca step=case_rca_done msg=Epoch 1: RCA 1/1 complete
2026-02-15 20:23:16,552 INFO [training:mutation_started] epoch=1/10 phase=prompt_improvement step=generate_mutations msg=Epoch 1: generating prompt mutations
2026-02-15 20:23:58,739 INFO Prompt mutation for improvement_block generated with model=nemotron
2026-02-15 20:26:05,521 INFO Prompt mutation for initial_plan_creation_block generated with model=nemotron
2026-02-15 20:28:13,943 INFO Prompt mutation for large_response_router_block generated with model=nemotron
2026-02-15 20:40:51,864 INFO Starting prompt A/B training: epochs=10, sampled_cases=5, thinking=med-synth
2026-02-15 20:40:51,864 INFO [training:run_started] epoch=0/10 phase=init step=startup msg=Training run initialized
2026-02-15 20:40:51,864 INFO [training:epoch_started] epoch=1/10 phase=epoch step=start msg=Epoch 1/10 started
2026-02-15 20:40:51,865 INFO [training:sample_selected] epoch=1/10 phase=sampling step=select_cases msg=Selected 5 case(s) for epoch 1
2026-02-15 20:40:51,865 INFO Epoch 1/10 - Phase A baseline
2026-02-15 20:40:51,865 INFO [training:phase_started] epoch=1/10 phase=phase_a_eval step=evaluate_baseline msg=Epoch 1: evaluating baseline prompts
2026-02-15 20:40:51,865 INFO [training:case_started] epoch=1/10 phase=phase_a_eval step=case_run msg=Running case 1/5
2026-02-15 20:42:42,941 INFO [training:case_completed] epoch=1/10 phase=phase_a_eval step=case_scored msg=Case 1/5 scored
2026-02-15 20:42:42,943 INFO [training:case_started] epoch=1/10 phase=phase_a_eval step=case_run msg=Running case 2/5
2026-02-15 20:45:12,108 INFO [training:case_completed] epoch=1/10 phase=phase_a_eval step=case_scored msg=Case 2/5 scored
2026-02-15 20:45:12,110 INFO [training:case_started] epoch=1/10 phase=phase_a_eval step=case_run msg=Running case 3/5
2026-02-15 20:48:42,020 INFO [training:case_completed] epoch=1/10 phase=phase_a_eval step=case_scored msg=Case 3/5 scored
2026-02-15 20:48:42,023 INFO [training:case_started] epoch=1/10 phase=phase_a_eval step=case_run msg=Running case 4/5
2026-02-15 20:51:56,075 INFO [training:case_completed] epoch=1/10 phase=phase_a_eval step=case_scored msg=Case 4/5 scored
2026-02-15 20:51:56,078 INFO [training:case_started] epoch=1/10 phase=phase_a_eval step=case_run msg=Running case 5/5
2026-02-15 21:11:50,418 INFO Starting prompt A/B training: epochs=10, sampled_cases=5, thinking=med-synth
2026-02-15 21:11:50,418 INFO [training:run_started] epoch=0/10 phase=init step=startup msg=Training run initialized
2026-02-15 21:11:50,418 INFO [training:epoch_started] epoch=1/10 phase=epoch step=start msg=Epoch 1/10 started
2026-02-15 21:11:50,418 INFO [training:sample_selected] epoch=1/10 phase=sampling step=select_cases msg=Selected 5 case(s) for epoch 1
2026-02-15 21:11:50,419 INFO Epoch 1/10 - Phase A baseline
2026-02-15 21:11:50,419 INFO [training:phase_started] epoch=1/10 phase=phase_a_eval step=evaluate_baseline msg=Epoch 1: evaluating baseline prompts
2026-02-15 21:11:50,419 INFO [training:case_started] epoch=1/10 phase=phase_a_eval step=case_run msg=Running case 1/5
2026-02-15 21:13:18,441 INFO [training:case_completed] epoch=1/10 phase=phase_a_eval step=case_scored msg=Case 1/5 scored
2026-02-15 21:13:18,442 INFO [training:case_started] epoch=1/10 phase=phase_a_eval step=case_run msg=Running case 2/5
2026-02-15 21:14:49,051 INFO [training:case_completed] epoch=1/10 phase=phase_a_eval step=case_scored msg=Case 2/5 scored
2026-02-15 21:14:49,052 INFO [training:case_started] epoch=1/10 phase=phase_a_eval step=case_run msg=Running case 3/5
2026-02-15 21:16:20,807 INFO [training:case_completed] epoch=1/10 phase=phase_a_eval step=case_scored msg=Case 3/5 scored
2026-02-15 21:16:20,808 INFO [training:case_started] epoch=1/10 phase=phase_a_eval step=case_run msg=Running case 4/5
2026-02-15 21:18:32,698 INFO [training:case_completed] epoch=1/10 phase=phase_a_eval step=case_scored msg=Case 4/5 scored
2026-02-15 21:18:32,700 INFO [training:case_started] epoch=1/10 phase=phase_a_eval step=case_run msg=Running case 5/5
2026-02-15 21:20:37,418 INFO [training:case_completed] epoch=1/10 phase=phase_a_eval step=case_scored msg=Case 5/5 scored
2026-02-15 21:20:37,420 INFO [training:phase_completed] epoch=1/10 phase=phase_a_eval step=evaluate_baseline_done msg=Epoch 1: baseline evaluation completed
2026-02-15 21:20:37,422 INFO [training:rca_batch_started] epoch=1/10 phase=rca step=identify_failures msg=Epoch 1: running RCA on 3 failed case(s)
2026-02-15 21:20:37,424 INFO [training:rca_started] epoch=1/10 phase=rca step=case_rca msg=Epoch 1: RCA 1/3
2026-02-15 21:21:25,621 INFO RCA generated with model=nemotron
2026-02-15 21:21:25,624 INFO [training:rca_completed] epoch=1/10 phase=rca step=case_rca_done msg=Epoch 1: RCA 1/3 complete
2026-02-15 21:21:25,626 INFO [training:rca_started] epoch=1/10 phase=rca step=case_rca msg=Epoch 1: RCA 2/3
2026-02-15 21:22:12,172 INFO RCA generated with model=nemotron
2026-02-15 21:22:12,175 INFO [training:rca_completed] epoch=1/10 phase=rca step=case_rca_done msg=Epoch 1: RCA 2/3 complete
2026-02-15 21:22:12,177 INFO [training:rca_started] epoch=1/10 phase=rca step=case_rca msg=Epoch 1: RCA 3/3
2026-02-15 21:22:59,444 INFO RCA generated with model=nemotron
2026-02-15 21:22:59,447 INFO [training:rca_completed] epoch=1/10 phase=rca step=case_rca_done msg=Epoch 1: RCA 3/3 complete
2026-02-15 21:22:59,448 INFO [training:mutation_started] epoch=1/10 phase=prompt_improvement step=generate_mutations msg=Epoch 1: generating prompt mutations
2026-02-15 21:23:00,985 INFO Prompt mutation for improvement_block generated with model=oss120b
2026-02-15 21:23:05,183 INFO Prompt mutation for initial_plan_creation_block generated with model=oss120b
2026-02-15 21:23:10,405 INFO Prompt mutation for long_response_synthesis_block generated with model=oss120b
2026-02-15 21:23:22,487 INFO Prompt mutation for self_critique_block generated with model=oss120b
2026-02-15 21:23:41,840 INFO Prompt mutation for synthesis_block generated with model=oss120b
2026-02-15 21:23:53,723 INFO [training:prompt_scoring_snapshot] epoch=1/10 phase=prompt_improvement step=score_candidates msg=Epoch 1: prompt scoring diagnostics ready
2026-02-15 21:23:53,725 INFO [training:mutation_completed] epoch=1/10 phase=prompt_improvement step=mutations_ready msg=Epoch 1: mutation pass complete
2026-02-15 21:23:53,725 INFO Epoch 1/10 - Phase B candidate
2026-02-15 21:23:53,727 INFO [training:phase_started] epoch=1/10 phase=phase_b_eval step=evaluate_candidate msg=Epoch 1: evaluating candidate prompts
2026-02-15 21:23:53,728 INFO [training:case_started] epoch=1/10 phase=phase_b_eval step=case_run msg=Running case 1/5
2026-02-15 21:25:26,192 INFO [training:case_completed] epoch=1/10 phase=phase_b_eval step=case_scored msg=Case 1/5 scored
2026-02-15 21:25:26,193 INFO [training:case_started] epoch=1/10 phase=phase_b_eval step=case_run msg=Running case 2/5
2026-02-15 21:28:24,466 INFO [training:case_completed] epoch=1/10 phase=phase_b_eval step=case_scored msg=Case 2/5 scored
2026-02-15 21:28:24,479 INFO [training:case_started] epoch=1/10 phase=phase_b_eval step=case_run msg=Running case 3/5
2026-02-15 21:31:27,563 INFO [training:case_completed] epoch=1/10 phase=phase_b_eval step=case_scored msg=Case 3/5 scored
2026-02-15 21:31:27,564 INFO [training:case_started] epoch=1/10 phase=phase_b_eval step=case_run msg=Running case 4/5
2026-02-15 21:36:35,585 INFO [training:case_completed] epoch=1/10 phase=phase_b_eval step=case_scored msg=Case 4/5 scored
2026-02-15 21:36:35,587 INFO [training:case_started] epoch=1/10 phase=phase_b_eval step=case_run msg=Running case 5/5
2026-02-15 21:39:15,842 INFO [training:case_completed] epoch=1/10 phase=phase_b_eval step=case_scored msg=Case 5/5 scored
2026-02-15 21:39:15,844 INFO [training:phase_completed] epoch=1/10 phase=phase_b_eval step=evaluate_candidate_done msg=Epoch 1: candidate evaluation completed
2026-02-15 21:39:15,847 INFO [training:epoch_completed] epoch=1/10 phase=epoch step=end msg=Epoch 1/10 completed
2026-02-15 21:39:15,849 INFO [training:epoch_started] epoch=2/10 phase=epoch step=start msg=Epoch 2/10 started
2026-02-15 21:39:15,851 INFO [training:sample_selected] epoch=2/10 phase=sampling step=select_cases msg=Selected 5 case(s) for epoch 2
2026-02-15 21:39:15,851 INFO Epoch 2/10 - Phase A baseline
2026-02-15 21:39:15,853 INFO [training:phase_started] epoch=2/10 phase=phase_a_eval step=evaluate_baseline msg=Epoch 2: evaluating baseline prompts
2026-02-15 21:39:15,854 INFO [training:case_started] epoch=2/10 phase=phase_a_eval step=case_run msg=Running case 1/5
2026-02-15 21:41:08,610 INFO [training:case_completed] epoch=2/10 phase=phase_a_eval step=case_scored msg=Case 1/5 scored
2026-02-15 21:41:08,611 INFO [training:case_started] epoch=2/10 phase=phase_a_eval step=case_run msg=Running case 2/5
2026-02-15 21:43:18,854 INFO [training:case_completed] epoch=2/10 phase=phase_a_eval step=case_scored msg=Case 2/5 scored
2026-02-15 21:43:18,854 INFO [training:case_started] epoch=2/10 phase=phase_a_eval step=case_run msg=Running case 3/5
2026-02-15 21:43:57,242 INFO [training:case_completed] epoch=2/10 phase=phase_a_eval step=case_scored msg=Case 3/5 scored
2026-02-15 21:43:57,244 INFO [training:case_started] epoch=2/10 phase=phase_a_eval step=case_run msg=Running case 4/5
2026-02-15 21:47:29,413 INFO [training:case_completed] epoch=2/10 phase=phase_a_eval step=case_scored msg=Case 4/5 scored
2026-02-15 21:47:29,414 INFO [training:case_started] epoch=2/10 phase=phase_a_eval step=case_run msg=Running case 5/5
2026-02-15 21:49:35,157 INFO [training:case_completed] epoch=2/10 phase=phase_a_eval step=case_scored msg=Case 5/5 scored
2026-02-15 21:49:35,159 INFO [training:phase_completed] epoch=2/10 phase=phase_a_eval step=evaluate_baseline_done msg=Epoch 2: baseline evaluation completed
2026-02-15 21:49:35,160 INFO [training:rca_batch_started] epoch=2/10 phase=rca step=identify_failures msg=Epoch 2: running RCA on 3 failed case(s)
2026-02-15 21:49:35,160 INFO [training:rca_started] epoch=2/10 phase=rca step=case_rca msg=Epoch 2: RCA 1/3
2026-02-15 21:50:22,468 INFO RCA generated with model=nemotron
2026-02-15 21:50:22,472 INFO [training:rca_completed] epoch=2/10 phase=rca step=case_rca_done msg=Epoch 2: RCA 1/3 complete
2026-02-15 21:50:22,473 INFO [training:rca_started] epoch=2/10 phase=rca step=case_rca msg=Epoch 2: RCA 2/3
2026-02-15 21:51:13,082 INFO RCA generated with model=nemotron
2026-02-15 21:51:13,084 INFO [training:rca_completed] epoch=2/10 phase=rca step=case_rca_done msg=Epoch 2: RCA 2/3 complete
2026-02-15 21:51:13,086 INFO [training:rca_started] epoch=2/10 phase=rca step=case_rca msg=Epoch 2: RCA 3/3
2026-02-15 21:52:03,709 INFO RCA generated with model=nemotron
2026-02-15 21:52:03,711 INFO [training:rca_completed] epoch=2/10 phase=rca step=case_rca_done msg=Epoch 2: RCA 3/3 complete
2026-02-15 21:52:03,711 INFO [training:mutation_started] epoch=2/10 phase=prompt_improvement step=generate_mutations msg=Epoch 2: generating prompt mutations
2026-02-15 21:52:05,685 INFO Prompt mutation for improvement_block generated with model=oss120b
2026-02-15 21:52:09,372 INFO Prompt mutation for large_response_router_block generated with model=oss120b
2026-02-15 21:52:13,980 INFO Prompt mutation for synthesis_block generated with model=oss120b
2026-02-15 21:52:21,562 INFO Prompt mutation for long_response_synthesis_block generated with model=oss120b
2026-02-15 21:52:42,037 INFO Prompt mutation for self_critique_block generated with model=oss120b
2026-02-15 21:52:58,937 INFO Prompt mutation for sub_plan_creation_block generated with model=oss120b
2026-02-15 21:53:15,603 INFO Prompt mutation for initial_plan_creation_block generated with model=oss120b
2026-02-15 21:53:34,057 INFO Prompt mutation for primary_tool_router_block generated with model=oss120b
2026-02-15 21:53:50,857 INFO Prompt mutation for secondary_tool_router_block generated with model=oss120b
2026-02-15 21:54:04,893 INFO [training:prompt_scoring_snapshot] epoch=2/10 phase=prompt_improvement step=score_candidates msg=Epoch 2: prompt scoring diagnostics ready
2026-02-15 21:54:04,894 INFO [training:mutation_completed] epoch=2/10 phase=prompt_improvement step=mutations_ready msg=Epoch 2: mutation pass complete
2026-02-15 21:54:04,894 INFO Epoch 2/10 - Phase B candidate
2026-02-15 21:54:04,895 INFO [training:phase_started] epoch=2/10 phase=phase_b_eval step=evaluate_candidate msg=Epoch 2: evaluating candidate prompts
2026-02-15 21:54:04,897 INFO [training:case_started] epoch=2/10 phase=phase_b_eval step=case_run msg=Running case 1/5
2026-02-15 21:57:45,453 INFO [training:case_completed] epoch=2/10 phase=phase_b_eval step=case_scored msg=Case 1/5 scored
2026-02-15 21:57:45,454 INFO [training:case_started] epoch=2/10 phase=phase_b_eval step=case_run msg=Running case 2/5
2026-02-15 22:03:01,216 INFO [training:case_completed] epoch=2/10 phase=phase_b_eval step=case_scored msg=Case 2/5 scored
2026-02-15 22:03:01,218 INFO [training:case_started] epoch=2/10 phase=phase_b_eval step=case_run msg=Running case 3/5
2026-02-15 22:08:39,690 INFO [training:case_completed] epoch=2/10 phase=phase_b_eval step=case_scored msg=Case 3/5 scored
2026-02-15 22:08:39,692 INFO [training:case_started] epoch=2/10 phase=phase_b_eval step=case_run msg=Running case 4/5
2026-02-15 22:12:37,361 INFO [training:case_completed] epoch=2/10 phase=phase_b_eval step=case_scored msg=Case 4/5 scored
2026-02-15 22:12:37,362 INFO [training:case_started] epoch=2/10 phase=phase_b_eval step=case_run msg=Running case 5/5
2026-02-15 22:15:53,707 INFO [training:case_completed] epoch=2/10 phase=phase_b_eval step=case_scored msg=Case 5/5 scored
2026-02-15 22:15:53,710 INFO [training:phase_completed] epoch=2/10 phase=phase_b_eval step=evaluate_candidate_done msg=Epoch 2: candidate evaluation completed
2026-02-15 22:15:53,716 INFO [training:epoch_completed] epoch=2/10 phase=epoch step=end msg=Epoch 2/10 completed
2026-02-15 22:15:53,718 INFO [training:epoch_started] epoch=3/10 phase=epoch step=start msg=Epoch 3/10 started
2026-02-15 22:15:53,720 INFO [training:sample_selected] epoch=3/10 phase=sampling step=select_cases msg=Selected 5 case(s) for epoch 3
2026-02-15 22:15:53,720 INFO Epoch 3/10 - Phase A baseline
2026-02-15 22:15:53,727 INFO [training:phase_started] epoch=3/10 phase=phase_a_eval step=evaluate_baseline msg=Epoch 3: evaluating baseline prompts
2026-02-15 22:15:53,728 INFO [training:case_started] epoch=3/10 phase=phase_a_eval step=case_run msg=Running case 1/5
2026-02-15 23:04:16,358 INFO Starting prompt A/B training: epochs=0, sampled_cases=1, thinking=med-synth
2026-02-15 23:04:16,359 INFO [training:run_started] epoch=0/0 phase=init step=startup msg=Training run initialized
2026-02-15 23:04:16,360 INFO [training:run_completed] epoch=0/0 phase=complete step=finished msg=Training completed successfully
2026-02-15 23:06:26,071 INFO Starting prompt A/B training: epochs=2, sampled_cases=3, thinking=med-synth
2026-02-15 23:06:26,071 INFO [training:run_started] epoch=0/2 phase=init step=startup msg=Training run initialized
2026-02-15 23:06:26,071 INFO [training:epoch_started] epoch=1/2 phase=epoch step=start msg=Epoch 1/2 started
2026-02-15 23:06:26,072 INFO [training:sample_selected] epoch=1/2 phase=sampling step=select_cases msg=Selected 3 case(s) for epoch 1
2026-02-15 23:06:26,072 INFO Epoch 1/2 - Phase A baseline
2026-02-15 23:06:26,072 INFO [training:phase_started] epoch=1/2 phase=phase_a_eval step=evaluate_baseline msg=Epoch 1: evaluating baseline prompts
2026-02-15 23:06:26,072 INFO [training:case_started] epoch=1/2 phase=phase_a_eval step=case_run msg=Running case 1/3
2026-02-15 23:06:42,124 INFO Starting prompt A/B training: epochs=10, sampled_cases=5, thinking=med-synth
2026-02-15 23:06:42,124 INFO [training:run_started] epoch=0/10 phase=init step=startup msg=Training run initialized
2026-02-15 23:06:42,125 INFO [training:epoch_started] epoch=1/10 phase=epoch step=start msg=Epoch 1/10 started
2026-02-15 23:06:42,125 INFO [training:sample_selected] epoch=1/10 phase=sampling step=select_cases msg=Selected 5 case(s) for epoch 1
2026-02-15 23:06:42,125 INFO Epoch 1/10 - Phase A baseline
2026-02-15 23:06:42,125 INFO [training:phase_started] epoch=1/10 phase=phase_a_eval step=evaluate_baseline msg=Epoch 1: evaluating baseline prompts
2026-02-15 23:06:42,126 INFO [training:case_started] epoch=1/10 phase=phase_a_eval step=case_run msg=Running case 1/5
2026-02-15 23:08:49,327 INFO [training:case_completed] epoch=1/10 phase=phase_a_eval step=case_scored msg=Case 1/5 scored
2026-02-15 23:08:49,328 INFO [training:case_started] epoch=1/10 phase=phase_a_eval step=case_run msg=Running case 2/5
2026-02-15 23:20:43,155 INFO [training:case_completed] epoch=1/10 phase=phase_a_eval step=case_scored msg=Case 2/5 scored
2026-02-15 23:20:43,167 INFO [training:case_started] epoch=1/10 phase=phase_a_eval step=case_run msg=Running case 3/5
2026-02-15 23:23:08,672 INFO [training:case_completed] epoch=1/10 phase=phase_a_eval step=case_scored msg=Case 3/5 scored
2026-02-15 23:23:08,673 INFO [training:case_started] epoch=1/10 phase=phase_a_eval step=case_run msg=Running case 4/5
2026-02-15 23:25:47,807 INFO [training:case_completed] epoch=1/10 phase=phase_a_eval step=case_scored msg=Case 4/5 scored
2026-02-15 23:25:47,808 INFO [training:case_started] epoch=1/10 phase=phase_a_eval step=case_run msg=Running case 5/5
2026-02-15 23:28:08,674 INFO [training:case_completed] epoch=1/10 phase=phase_a_eval step=case_scored msg=Case 5/5 scored
2026-02-15 23:28:08,675 INFO [training:phase_completed] epoch=1/10 phase=phase_a_eval step=evaluate_baseline_done msg=Epoch 1: baseline evaluation completed
2026-02-15 23:28:08,676 INFO [training:rca_batch_started] epoch=1/10 phase=rca step=identify_failures msg=Epoch 1: running RCA on 3 failed case(s)
2026-02-15 23:28:08,676 INFO [training:rca_started] epoch=1/10 phase=rca step=case_rca msg=Epoch 1: RCA 1/3
2026-02-15 23:28:08,678 INFO Skipping oss120b for oversized prompt; using nemotron directly
2026-02-15 23:28:20,329 INFO RCA generated with model=nemotron
2026-02-15 23:28:20,332 INFO [training:rca_completed] epoch=1/10 phase=rca step=case_rca_done msg=Epoch 1: RCA 1/3 complete
2026-02-15 23:28:20,334 INFO [training:rca_started] epoch=1/10 phase=rca step=case_rca msg=Epoch 1: RCA 2/3
2026-02-15 23:28:20,341 INFO Skipping oss120b for oversized prompt; using nemotron directly
2026-02-15 23:28:30,891 INFO RCA generated with model=nemotron
2026-02-15 23:28:30,893 INFO [training:rca_completed] epoch=1/10 phase=rca step=case_rca_done msg=Epoch 1: RCA 2/3 complete
2026-02-15 23:28:30,893 INFO [training:rca_started] epoch=1/10 phase=rca step=case_rca msg=Epoch 1: RCA 3/3
2026-02-15 23:28:30,902 INFO Skipping oss120b for oversized prompt; using nemotron directly
2026-02-15 23:28:38,888 INFO RCA generated with model=nemotron
2026-02-15 23:28:38,891 INFO [training:rca_completed] epoch=1/10 phase=rca step=case_rca_done msg=Epoch 1: RCA 3/3 complete
2026-02-15 23:28:38,892 INFO [training:mutation_started] epoch=1/10 phase=prompt_improvement step=generate_mutations msg=Epoch 1: generating prompt mutations
2026-02-15 23:28:40,338 INFO Prompt mutation for improvement_block generated with model=oss120b
2026-02-15 23:28:44,300 INFO Prompt mutation for initial_plan_creation_block generated with model=oss120b
2026-02-15 23:28:47,915 INFO Prompt mutation for long_response_synthesis_block generated with model=oss120b
2026-02-15 23:28:59,690 INFO Prompt mutation for primary_tool_router_block generated with model=oss120b
2026-02-15 23:28:59,691 WARNING Prompt mutation for primary_tool_router_block violated prompt contract ['explicit_json_keys_do_not_match_schema']; keeping baseline
2026-02-15 23:29:06,220 INFO Prompt mutation for self_critique_block generated with model=oss120b
2026-02-15 23:29:24,645 INFO Prompt mutation for sub_plan_creation_block generated with model=oss120b
2026-02-15 23:29:43,108 INFO Prompt mutation for synthesis_block generated with model=oss120b
2026-02-15 23:30:02,563 INFO Prompt mutation for large_response_router_block generated with model=oss120b
2026-02-15 23:30:17,003 INFO Prompt mutation for secondary_tool_router_block generated with model=oss120b
2026-02-15 23:30:29,814 INFO [training:prompt_scoring_snapshot] epoch=1/10 phase=prompt_improvement step=score_candidates msg=Epoch 1: prompt scoring diagnostics ready
2026-02-15 23:30:29,815 INFO [training:mutation_completed] epoch=1/10 phase=prompt_improvement step=mutations_ready msg=Epoch 1: mutation pass complete
2026-02-15 23:30:29,815 INFO Epoch 1/10 - Phase B candidate
2026-02-15 23:30:29,816 INFO [training:phase_started] epoch=1/10 phase=phase_b_eval step=evaluate_candidate msg=Epoch 1: evaluating candidate prompts
2026-02-15 23:30:29,817 INFO [training:case_started] epoch=1/10 phase=phase_b_eval step=case_run msg=Running case 1/5
2026-02-15 23:34:05,366 INFO [training:case_completed] epoch=1/10 phase=phase_b_eval step=case_scored msg=Case 1/5 scored
2026-02-15 23:34:05,367 INFO [training:case_started] epoch=1/10 phase=phase_b_eval step=case_run msg=Running case 2/5
2026-02-15 23:36:27,511 INFO [training:case_completed] epoch=1/10 phase=phase_b_eval step=case_scored msg=Case 2/5 scored
2026-02-15 23:36:27,512 INFO [training:case_started] epoch=1/10 phase=phase_b_eval step=case_run msg=Running case 3/5
2026-02-15 23:55:01,854 INFO [training:case_completed] epoch=1/10 phase=phase_b_eval step=case_scored msg=Case 3/5 scored
2026-02-15 23:55:01,855 INFO [training:case_started] epoch=1/10 phase=phase_b_eval step=case_run msg=Running case 4/5
2026-02-16 00:07:28,637 INFO [training:case_completed] epoch=1/10 phase=phase_b_eval step=case_scored msg=Case 4/5 scored
2026-02-16 00:07:28,638 INFO [training:case_started] epoch=1/10 phase=phase_b_eval step=case_run msg=Running case 5/5
2026-02-16 00:12:24,778 INFO [training:case_completed] epoch=1/10 phase=phase_b_eval step=case_scored msg=Case 5/5 scored
2026-02-16 00:12:24,779 INFO [training:phase_completed] epoch=1/10 phase=phase_b_eval step=evaluate_candidate_done msg=Epoch 1: candidate evaluation completed
2026-02-16 00:12:24,782 INFO [training:epoch_completed] epoch=1/10 phase=epoch step=end msg=Epoch 1/10 completed
2026-02-16 00:12:24,782 INFO [training:epoch_started] epoch=2/10 phase=epoch step=start msg=Epoch 2/10 started
2026-02-16 00:12:24,782 INFO [training:sample_selected] epoch=2/10 phase=sampling step=select_cases msg=Selected 5 case(s) for epoch 2
2026-02-16 00:12:24,783 INFO Epoch 2/10 - Phase A baseline
2026-02-16 00:12:24,783 INFO [training:phase_started] epoch=2/10 phase=phase_a_eval step=evaluate_baseline msg=Epoch 2: evaluating baseline prompts
2026-02-16 00:12:24,783 INFO [training:case_started] epoch=2/10 phase=phase_a_eval step=case_run msg=Running case 1/5
2026-02-16 00:30:17,935 INFO [training:case_completed] epoch=2/10 phase=phase_a_eval step=case_scored msg=Case 1/5 scored
2026-02-16 00:30:17,936 INFO [training:case_started] epoch=2/10 phase=phase_a_eval step=case_run msg=Running case 2/5
2026-02-16 00:38:14,504 INFO [training:case_completed] epoch=2/10 phase=phase_a_eval step=case_scored msg=Case 2/5 scored
2026-02-16 00:38:14,506 INFO [training:case_started] epoch=2/10 phase=phase_a_eval step=case_run msg=Running case 3/5
2026-02-16 00:49:59,870 INFO [training:case_completed] epoch=2/10 phase=phase_a_eval step=case_scored msg=Case 3/5 scored
2026-02-16 00:49:59,871 INFO [training:case_started] epoch=2/10 phase=phase_a_eval step=case_run msg=Running case 4/5
2026-02-16 00:54:25,239 INFO [training:case_completed] epoch=2/10 phase=phase_a_eval step=case_scored msg=Case 4/5 scored
2026-02-16 00:54:25,240 INFO [training:case_started] epoch=2/10 phase=phase_a_eval step=case_run msg=Running case 5/5
2026-02-16 01:04:40,809 INFO [training:case_completed] epoch=2/10 phase=phase_a_eval step=case_scored msg=Case 5/5 scored
2026-02-16 01:04:40,811 INFO [training:phase_completed] epoch=2/10 phase=phase_a_eval step=evaluate_baseline_done msg=Epoch 2: baseline evaluation completed
2026-02-16 01:04:40,813 INFO [training:rca_batch_started] epoch=2/10 phase=rca step=identify_failures msg=Epoch 2: running RCA on 4 failed case(s)
2026-02-16 01:04:40,813 INFO [training:rca_started] epoch=2/10 phase=rca step=case_rca msg=Epoch 2: RCA 1/4
2026-02-16 01:04:40,820 INFO Skipping oss120b for oversized prompt; using nemotron directly
2026-02-16 01:05:07,682 INFO RCA generated with model=nemotron
2026-02-16 01:05:07,685 INFO [training:rca_completed] epoch=2/10 phase=rca step=case_rca_done msg=Epoch 2: RCA 1/4 complete
2026-02-16 01:05:07,686 INFO [training:rca_started] epoch=2/10 phase=rca step=case_rca msg=Epoch 2: RCA 2/4
2026-02-16 01:05:07,695 INFO Skipping oss120b for oversized prompt; using nemotron directly
2026-02-16 01:05:24,719 INFO RCA generated with model=nemotron
2026-02-16 01:05:24,722 INFO [training:rca_completed] epoch=2/10 phase=rca step=case_rca_done msg=Epoch 2: RCA 2/4 complete
2026-02-16 01:05:24,724 INFO [training:rca_started] epoch=2/10 phase=rca step=case_rca msg=Epoch 2: RCA 3/4
2026-02-16 01:05:24,731 INFO Skipping oss120b for oversized prompt; using nemotron directly
2026-02-16 01:05:47,915 INFO RCA generated with model=nemotron
2026-02-16 01:05:47,918 INFO [training:rca_completed] epoch=2/10 phase=rca step=case_rca_done msg=Epoch 2: RCA 3/4 complete
2026-02-16 01:05:47,919 INFO [training:rca_started] epoch=2/10 phase=rca step=case_rca msg=Epoch 2: RCA 4/4
2026-02-16 01:05:47,926 INFO Skipping oss120b for oversized prompt; using nemotron directly
2026-02-16 01:06:06,725 INFO RCA generated with model=nemotron
2026-02-16 01:06:06,728 INFO [training:rca_completed] epoch=2/10 phase=rca step=case_rca_done msg=Epoch 2: RCA 4/4 complete
2026-02-16 01:06:06,729 INFO [training:mutation_started] epoch=2/10 phase=prompt_improvement step=generate_mutations msg=Epoch 2: generating prompt mutations
2026-02-16 01:06:08,564 INFO Prompt mutation for improvement_block generated with model=oss120b
2026-02-16 01:06:13,967 INFO Prompt mutation for initial_plan_creation_block generated with model=oss120b
2026-02-16 01:06:19,804 INFO Prompt mutation for large_response_router_block generated with model=oss120b
2026-02-16 01:06:19,804 WARNING Prompt mutation for large_response_router_block violated prompt contract ['explicit_json_keys_do_not_match_schema']; keeping baseline
2026-02-16 01:06:21,750 INFO Prompt mutation for long_response_synthesis_block generated with model=oss120b
2026-02-16 01:06:41,001 INFO Prompt mutation for primary_tool_router_block generated with model=oss120b
2026-02-16 01:07:00,056 INFO Prompt mutation for secondary_tool_router_block generated with model=oss120b
2026-02-16 01:07:19,606 INFO Prompt mutation for self_critique_block generated with model=oss120b
2026-02-16 01:07:38,960 INFO Prompt mutation for sub_plan_creation_block generated with model=oss120b
2026-02-16 01:07:58,936 INFO Prompt mutation for synthesis_block generated with model=oss120b
2026-02-16 01:08:11,527 INFO [training:prompt_scoring_snapshot] epoch=2/10 phase=prompt_improvement step=score_candidates msg=Epoch 2: prompt scoring diagnostics ready
2026-02-16 01:08:11,529 INFO [training:mutation_completed] epoch=2/10 phase=prompt_improvement step=mutations_ready msg=Epoch 2: mutation pass complete
2026-02-16 01:08:11,529 INFO Epoch 2/10 - Phase B candidate
2026-02-16 01:08:11,530 INFO [training:phase_started] epoch=2/10 phase=phase_b_eval step=evaluate_candidate msg=Epoch 2: evaluating candidate prompts
2026-02-16 01:08:11,532 INFO [training:case_started] epoch=2/10 phase=phase_b_eval step=case_run msg=Running case 1/5
2026-02-16 01:19:02,317 INFO [training:case_completed] epoch=2/10 phase=phase_b_eval step=case_scored msg=Case 1/5 scored
2026-02-16 01:19:02,320 INFO [training:case_started] epoch=2/10 phase=phase_b_eval step=case_run msg=Running case 2/5
2026-02-16 01:28:43,411 INFO [training:case_completed] epoch=2/10 phase=phase_b_eval step=case_scored msg=Case 2/5 scored
2026-02-16 01:28:43,412 INFO [training:case_started] epoch=2/10 phase=phase_b_eval step=case_run msg=Running case 3/5
2026-02-16 01:43:36,479 INFO [training:case_completed] epoch=2/10 phase=phase_b_eval step=case_scored msg=Case 3/5 scored
2026-02-16 01:43:36,480 INFO [training:case_started] epoch=2/10 phase=phase_b_eval step=case_run msg=Running case 4/5
2026-02-16 02:00:00,306 INFO [training:case_completed] epoch=2/10 phase=phase_b_eval step=case_scored msg=Case 4/5 scored
2026-02-16 02:00:00,308 INFO [training:case_started] epoch=2/10 phase=phase_b_eval step=case_run msg=Running case 5/5
2026-02-16 02:14:35,709 INFO [training:case_completed] epoch=2/10 phase=phase_b_eval step=case_scored msg=Case 5/5 scored
2026-02-16 02:14:35,718 INFO [training:phase_completed] epoch=2/10 phase=phase_b_eval step=evaluate_candidate_done msg=Epoch 2: candidate evaluation completed
2026-02-16 02:14:35,725 INFO [training:epoch_completed] epoch=2/10 phase=epoch step=end msg=Epoch 2/10 completed
2026-02-16 02:14:35,726 INFO [training:epoch_started] epoch=3/10 phase=epoch step=start msg=Epoch 3/10 started
2026-02-16 02:14:35,726 INFO [training:sample_selected] epoch=3/10 phase=sampling step=select_cases msg=Selected 5 case(s) for epoch 3
2026-02-16 02:14:35,727 INFO Epoch 3/10 - Phase A baseline
2026-02-16 02:14:35,727 INFO [training:phase_started] epoch=3/10 phase=phase_a_eval step=evaluate_baseline msg=Epoch 3: evaluating baseline prompts
2026-02-16 02:14:35,728 INFO [training:case_started] epoch=3/10 phase=phase_a_eval step=case_run msg=Running case 1/5
2026-02-16 02:16:24,790 INFO [training:case_completed] epoch=3/10 phase=phase_a_eval step=case_scored msg=Case 1/5 scored
2026-02-16 02:16:24,792 INFO [training:case_started] epoch=3/10 phase=phase_a_eval step=case_run msg=Running case 2/5
2026-02-16 02:21:25,042 INFO [training:case_completed] epoch=3/10 phase=phase_a_eval step=case_scored msg=Case 2/5 scored
2026-02-16 02:21:25,043 INFO [training:case_started] epoch=3/10 phase=phase_a_eval step=case_run msg=Running case 3/5
2026-02-16 02:29:46,490 INFO [training:case_completed] epoch=3/10 phase=phase_a_eval step=case_scored msg=Case 3/5 scored
2026-02-16 02:29:46,496 INFO [training:case_started] epoch=3/10 phase=phase_a_eval step=case_run msg=Running case 4/5
2026-02-16 02:35:31,272 INFO [training:case_completed] epoch=3/10 phase=phase_a_eval step=case_scored msg=Case 4/5 scored
2026-02-16 02:35:31,274 INFO [training:case_started] epoch=3/10 phase=phase_a_eval step=case_run msg=Running case 5/5
2026-02-16 02:38:42,887 INFO [training:case_completed] epoch=3/10 phase=phase_a_eval step=case_scored msg=Case 5/5 scored
2026-02-16 02:38:42,889 INFO [training:phase_completed] epoch=3/10 phase=phase_a_eval step=evaluate_baseline_done msg=Epoch 3: baseline evaluation completed
2026-02-16 02:38:42,892 INFO [training:rca_batch_started] epoch=3/10 phase=rca step=identify_failures msg=Epoch 3: running RCA on 4 failed case(s)
2026-02-16 02:38:42,893 INFO [training:rca_started] epoch=3/10 phase=rca step=case_rca msg=Epoch 3: RCA 1/4
2026-02-16 02:38:42,894 INFO Skipping oss120b for oversized prompt; using nemotron directly
2026-02-16 02:39:06,199 INFO RCA generated with model=nemotron
2026-02-16 02:39:06,202 INFO [training:rca_completed] epoch=3/10 phase=rca step=case_rca_done msg=Epoch 3: RCA 1/4 complete
2026-02-16 02:39:06,204 INFO [training:rca_started] epoch=3/10 phase=rca step=case_rca msg=Epoch 3: RCA 2/4
2026-02-16 02:39:06,215 INFO Skipping oss120b for oversized prompt; using nemotron directly
2026-02-16 02:39:21,724 INFO RCA generated with model=nemotron
2026-02-16 02:39:21,726 INFO [training:rca_completed] epoch=3/10 phase=rca step=case_rca_done msg=Epoch 3: RCA 2/4 complete
2026-02-16 02:39:21,728 INFO [training:rca_started] epoch=3/10 phase=rca step=case_rca msg=Epoch 3: RCA 3/4
2026-02-16 02:39:21,735 INFO Skipping oss120b for oversized prompt; using nemotron directly
2026-02-16 02:39:42,339 INFO RCA generated with model=nemotron
2026-02-16 02:39:42,341 INFO [training:rca_completed] epoch=3/10 phase=rca step=case_rca_done msg=Epoch 3: RCA 3/4 complete
2026-02-16 02:39:42,343 INFO [training:rca_started] epoch=3/10 phase=rca step=case_rca msg=Epoch 3: RCA 4/4
2026-02-16 02:39:42,353 INFO Skipping oss120b for oversized prompt; using nemotron directly
2026-02-16 02:39:49,717 INFO RCA generated with model=nemotron
2026-02-16 02:39:49,720 INFO [training:rca_completed] epoch=3/10 phase=rca step=case_rca_done msg=Epoch 3: RCA 4/4 complete
2026-02-16 02:39:49,722 INFO [training:mutation_started] epoch=3/10 phase=prompt_improvement step=generate_mutations msg=Epoch 3: generating prompt mutations
2026-02-16 02:39:51,567 INFO Prompt mutation for improvement_block generated with model=oss120b
2026-02-16 02:39:55,255 INFO Prompt mutation for initial_plan_creation_block generated with model=oss120b
2026-02-16 02:40:00,888 INFO Prompt mutation for long_response_synthesis_block generated with model=oss120b
2026-02-16 02:40:09,600 INFO Prompt mutation for primary_tool_router_block generated with model=oss120b
2026-02-16 02:40:28,946 INFO Prompt mutation for self_critique_block generated with model=oss120b
2026-02-16 02:40:48,809 INFO Prompt mutation for synthesis_block generated with model=oss120b
2026-02-16 02:40:48,810 WARNING Prompt mutation for synthesis_block violated prompt contract ['missing_json_output_instruction']; keeping baseline
2026-02-16 02:40:54,339 INFO Prompt mutation for large_response_router_block generated with model=oss120b
2026-02-16 02:41:10,417 INFO Prompt mutation for secondary_tool_router_block generated with model=oss120b
2026-02-16 02:41:28,344 INFO Prompt mutation for sub_plan_creation_block generated with model=oss120b
2026-02-16 02:41:41,925 INFO [training:prompt_scoring_snapshot] epoch=3/10 phase=prompt_improvement step=score_candidates msg=Epoch 3: prompt scoring diagnostics ready
2026-02-16 02:41:41,927 INFO [training:mutation_completed] epoch=3/10 phase=prompt_improvement step=mutations_ready msg=Epoch 3: mutation pass complete
2026-02-16 02:41:41,927 INFO Epoch 3/10 - Phase B candidate
2026-02-16 02:41:41,929 INFO [training:phase_started] epoch=3/10 phase=phase_b_eval step=evaluate_candidate msg=Epoch 3: evaluating candidate prompts
2026-02-16 02:41:41,930 INFO [training:case_started] epoch=3/10 phase=phase_b_eval step=case_run msg=Running case 1/5
2026-02-16 02:52:04,154 INFO [training:case_completed] epoch=3/10 phase=phase_b_eval step=case_scored msg=Case 1/5 scored
2026-02-16 02:52:04,156 INFO [training:case_started] epoch=3/10 phase=phase_b_eval step=case_run msg=Running case 2/5
2026-02-16 02:53:20,841 INFO [training:case_completed] epoch=3/10 phase=phase_b_eval step=case_scored msg=Case 2/5 scored
2026-02-16 02:53:20,842 INFO [training:case_started] epoch=3/10 phase=phase_b_eval step=case_run msg=Running case 3/5
2026-02-16 09:57:47,592 INFO Starting prompt A/B training: epochs=10, sampled_cases=5, thinking=med-synth
2026-02-16 09:57:47,593 INFO [training:run_started] epoch=0/10 phase=init step=startup msg=Training run initialized
2026-02-16 09:57:47,593 INFO [training:epoch_started] epoch=1/10 phase=epoch step=start msg=Epoch 1/10 started
2026-02-16 09:57:47,593 INFO [training:sample_selected] epoch=1/10 phase=sampling step=select_cases msg=Selected 5 case(s) for epoch 1
2026-02-16 09:57:47,593 INFO Epoch 1/10 - Phase A baseline
2026-02-16 09:57:47,593 INFO [training:phase_started] epoch=1/10 phase=phase_a_eval step=evaluate_baseline msg=Epoch 1: evaluating baseline prompts
2026-02-16 09:57:47,594 INFO [training:case_started] epoch=1/10 phase=phase_a_eval step=case_run msg=Running case 1/5
2026-02-16 09:59:05,817 INFO [training:case_completed] epoch=1/10 phase=phase_a_eval step=case_scored msg=Case 1/5 scored
2026-02-16 09:59:05,819 INFO [training:case_started] epoch=1/10 phase=phase_a_eval step=case_run msg=Running case 2/5
2026-02-16 10:01:15,936 INFO [training:case_completed] epoch=1/10 phase=phase_a_eval step=case_scored msg=Case 2/5 scored
2026-02-16 10:01:15,937 INFO [training:case_started] epoch=1/10 phase=phase_a_eval step=case_run msg=Running case 3/5
2026-02-16 10:04:08,448 INFO [training:case_completed] epoch=1/10 phase=phase_a_eval step=case_scored msg=Case 3/5 scored
2026-02-16 10:04:08,450 INFO [training:case_started] epoch=1/10 phase=phase_a_eval step=case_run msg=Running case 4/5
2026-02-16 10:07:13,867 INFO [training:case_completed] epoch=1/10 phase=phase_a_eval step=case_scored msg=Case 4/5 scored
2026-02-16 10:07:13,868 INFO [training:case_started] epoch=1/10 phase=phase_a_eval step=case_run msg=Running case 5/5
2026-02-16 10:09:50,330 INFO [training:case_completed] epoch=1/10 phase=phase_a_eval step=case_scored msg=Case 5/5 scored
2026-02-16 10:09:50,332 INFO [training:phase_completed] epoch=1/10 phase=phase_a_eval step=evaluate_baseline_done msg=Epoch 1: baseline evaluation completed
2026-02-16 10:09:50,334 INFO [training:rca_batch_started] epoch=1/10 phase=rca step=identify_failures msg=Epoch 1: running RCA on 3 failed case(s)
2026-02-16 10:09:50,335 INFO [training:rca_started] epoch=1/10 phase=rca step=case_rca msg=Epoch 1: RCA 1/3
2026-02-16 10:09:50,336 INFO Skipping oss120b for oversized prompt; using nemotron directly
2026-02-16 10:09:55,953 INFO RCA generated with model=nemotron
2026-02-16 10:09:55,954 INFO [training:rca_completed] epoch=1/10 phase=rca step=case_rca_done msg=Epoch 1: RCA 1/3 complete
2026-02-16 10:09:55,955 INFO [training:rca_started] epoch=1/10 phase=rca step=case_rca msg=Epoch 1: RCA 2/3
2026-02-16 10:09:55,958 INFO Skipping oss120b for oversized prompt; using nemotron directly
2026-02-16 10:10:05,686 INFO RCA generated with model=nemotron
2026-02-16 10:10:05,688 INFO [training:rca_completed] epoch=1/10 phase=rca step=case_rca_done msg=Epoch 1: RCA 2/3 complete
2026-02-16 10:10:05,689 INFO [training:rca_started] epoch=1/10 phase=rca step=case_rca msg=Epoch 1: RCA 3/3
2026-02-16 10:10:05,696 INFO Skipping oss120b for oversized prompt; using nemotron directly
2026-02-16 10:10:14,969 INFO RCA generated with model=nemotron
2026-02-16 10:10:14,970 INFO [training:rca_completed] epoch=1/10 phase=rca step=case_rca_done msg=Epoch 1: RCA 3/3 complete
2026-02-16 10:10:14,971 INFO [training:mutation_started] epoch=1/10 phase=prompt_improvement step=generate_mutations msg=Epoch 1: generating prompt mutations
2026-02-16 10:10:18,408 INFO Prompt mutation for improvement_block generated with model=oss120b
2026-02-16 10:10:23,601 INFO Prompt mutation for synthesis_block generated with model=oss120b
2026-02-16 10:10:23,602 WARNING Prompt mutation for synthesis_block violated prompt contract ['missing_json_output_instruction']; keeping baseline
2026-02-16 10:10:25,548 INFO Prompt mutation for self_critique_block generated with model=oss120b
2026-02-16 10:10:29,132 INFO Prompt mutation for initial_plan_creation_block generated with model=oss120b
2026-02-16 10:10:47,871 INFO Prompt mutation for long_response_synthesis_block generated with model=oss120b
2026-02-16 10:10:59,442 INFO [training:prompt_scoring_snapshot] epoch=1/10 phase=prompt_improvement step=score_candidates msg=Epoch 1: prompt scoring diagnostics ready
2026-02-16 10:10:59,444 INFO [training:mutation_completed] epoch=1/10 phase=prompt_improvement step=mutations_ready msg=Epoch 1: mutation pass complete
2026-02-16 10:10:59,444 INFO Epoch 1/10 - Phase B candidate
2026-02-16 10:10:59,445 INFO [training:phase_started] epoch=1/10 phase=phase_b_eval step=evaluate_candidate msg=Epoch 1: evaluating candidate prompts
2026-02-16 10:10:59,447 INFO [training:case_started] epoch=1/10 phase=phase_b_eval step=case_run msg=Running case 1/5
2026-02-16 11:16:47,029 INFO Starting prompt A/B training: epochs=10, sampled_cases=5, thinking=med-synth
2026-02-16 11:16:47,029 INFO [training:run_started] epoch=0/10 phase=init step=startup msg=Training run initialized
2026-02-16 11:16:47,029 INFO [training:epoch_started] epoch=1/10 phase=epoch step=start msg=Epoch 1/10 started
2026-02-16 11:16:47,030 INFO [training:sample_selected] epoch=1/10 phase=sampling step=select_cases msg=Selected 5 case(s) for epoch 1
2026-02-16 11:16:47,030 INFO Epoch 1/10 - Phase A baseline
2026-02-16 11:16:47,030 INFO [training:phase_started] epoch=1/10 phase=phase_a_eval step=evaluate_baseline msg=Epoch 1: evaluating baseline prompts
2026-02-16 11:16:47,030 INFO [training:case_started] epoch=1/10 phase=phase_a_eval step=case_run msg=Running case 1/5
2026-02-16 11:18:42,808 INFO [training:case_completed] epoch=1/10 phase=phase_a_eval step=case_scored msg=Case 1/5 scored
2026-02-16 11:18:42,809 INFO [training:case_started] epoch=1/10 phase=phase_a_eval step=case_run msg=Running case 2/5
2026-02-16 11:19:34,415 INFO [training:case_completed] epoch=1/10 phase=phase_a_eval step=case_scored msg=Case 2/5 scored
2026-02-16 11:19:34,417 INFO [training:case_started] epoch=1/10 phase=phase_a_eval step=case_run msg=Running case 3/5
2026-02-16 11:24:24,167 INFO [training:case_completed] epoch=1/10 phase=phase_a_eval step=case_scored msg=Case 3/5 scored
2026-02-16 11:24:24,168 INFO [training:case_started] epoch=1/10 phase=phase_a_eval step=case_run msg=Running case 4/5
2026-02-16 11:25:13,806 INFO [training:case_completed] epoch=1/10 phase=phase_a_eval step=case_scored msg=Case 4/5 scored
2026-02-16 11:25:13,806 INFO [training:case_started] epoch=1/10 phase=phase_a_eval step=case_run msg=Running case 5/5
2026-02-16 11:29:56,538 INFO Starting prompt A/B training: epochs=10, sampled_cases=5, thinking=med-synth
2026-02-16 11:29:56,538 INFO [training:run_started] epoch=0/10 phase=init step=startup msg=Training run initialized
2026-02-16 11:29:56,538 INFO [training:epoch_started] epoch=1/10 phase=epoch step=start msg=Epoch 1/10 started
2026-02-16 11:29:56,538 INFO [training:sample_selected] epoch=1/10 phase=sampling step=select_cases msg=Selected 5 case(s) for epoch 1
2026-02-16 11:29:56,538 INFO Epoch 1/10 - Phase A baseline
2026-02-16 11:29:56,539 INFO [training:phase_started] epoch=1/10 phase=phase_a_eval step=evaluate_baseline msg=Epoch 1: evaluating baseline prompts
2026-02-16 11:29:56,539 INFO [training:case_started] epoch=1/10 phase=phase_a_eval step=case_run msg=Running case 1/5
2026-02-16 11:31:02,147 INFO [training:case_completed] epoch=1/10 phase=phase_a_eval step=case_scored msg=Case 1/5 scored
2026-02-16 11:31:02,148 INFO [training:case_started] epoch=1/10 phase=phase_a_eval step=case_run msg=Running case 2/5
2026-02-16 11:34:14,348 INFO [training:case_completed] epoch=1/10 phase=phase_a_eval step=case_scored msg=Case 2/5 scored
2026-02-16 11:34:14,353 INFO [training:case_started] epoch=1/10 phase=phase_a_eval step=case_run msg=Running case 3/5
2026-02-16 11:35:32,270 INFO [training:case_completed] epoch=1/10 phase=phase_a_eval step=case_scored msg=Case 3/5 scored
2026-02-16 11:35:32,273 INFO [training:case_started] epoch=1/10 phase=phase_a_eval step=case_run msg=Running case 4/5
2026-02-16 11:39:44,800 INFO [training:case_completed] epoch=1/10 phase=phase_a_eval step=case_scored msg=Case 4/5 scored
2026-02-16 11:39:44,801 INFO [training:case_started] epoch=1/10 phase=phase_a_eval step=case_run msg=Running case 5/5
2026-02-16 11:41:57,580 INFO [training:case_completed] epoch=1/10 phase=phase_a_eval step=case_scored msg=Case 5/5 scored
2026-02-16 11:41:57,582 INFO [training:phase_completed] epoch=1/10 phase=phase_a_eval step=evaluate_baseline_done msg=Epoch 1: baseline evaluation completed
2026-02-16 11:41:57,584 INFO [training:rca_batch_started] epoch=1/10 phase=rca step=identify_failures msg=Epoch 1: running RCA on 4 failed case(s)
2026-02-16 11:41:57,586 INFO [training:rca_started] epoch=1/10 phase=rca step=case_rca msg=Epoch 1: RCA 1/4
2026-02-16 11:41:57,588 INFO Skipping oss120b for oversized prompt; using nemotron directly
2026-02-16 11:42:06,899 INFO RCA generated with model=nemotron
2026-02-16 11:42:06,902 INFO [training:rca_completed] epoch=1/10 phase=rca step=case_rca_done msg=Epoch 1: RCA 1/4 complete
2026-02-16 11:42:06,904 INFO [training:rca_started] epoch=1/10 phase=rca step=case_rca msg=Epoch 1: RCA 2/4
2026-02-16 11:42:06,910 INFO Skipping oss120b for oversized prompt; using nemotron directly
2026-02-16 11:42:13,589 INFO RCA generated with model=nemotron
2026-02-16 11:42:13,591 INFO [training:rca_completed] epoch=1/10 phase=rca step=case_rca_done msg=Epoch 1: RCA 2/4 complete
2026-02-16 11:42:13,593 INFO [training:rca_started] epoch=1/10 phase=rca step=case_rca msg=Epoch 1: RCA 3/4
2026-02-16 11:42:13,595 INFO Skipping oss120b for oversized prompt; using nemotron directly
2026-02-16 11:42:23,048 INFO RCA generated with model=nemotron
2026-02-16 11:42:23,051 INFO [training:rca_completed] epoch=1/10 phase=rca step=case_rca_done msg=Epoch 1: RCA 3/4 complete
2026-02-16 11:42:23,053 INFO [training:rca_started] epoch=1/10 phase=rca step=case_rca msg=Epoch 1: RCA 4/4
2026-02-16 11:42:23,061 INFO Skipping oss120b for oversized prompt; using nemotron directly
2026-02-16 11:42:28,195 INFO RCA generated with model=nemotron
2026-02-16 11:42:28,198 INFO [training:rca_completed] epoch=1/10 phase=rca step=case_rca_done msg=Epoch 1: RCA 4/4 complete
2026-02-16 11:42:28,200 INFO [training:mutation_started] epoch=1/10 phase=prompt_improvement step=generate_mutations msg=Epoch 1: generating prompt mutations
2026-02-16 11:42:30,372 INFO Prompt mutation for improvement_block generated with model=oss120b
2026-02-16 11:42:35,266 INFO Prompt mutation for initial_plan_creation_block generated with model=oss120b
2026-02-16 11:42:39,387 INFO Prompt mutation for large_response_router_block generated with model=oss120b
2026-02-16 11:42:53,922 INFO Prompt mutation for long_response_synthesis_block generated with model=oss120b
2026-02-16 11:43:12,866 INFO Prompt mutation for primary_tool_router_block generated with model=oss120b
2026-02-16 11:43:12,867 WARNING Prompt mutation for primary_tool_router_block violated prompt contract ['explicit_json_keys_do_not_match_schema']; keeping baseline
2026-02-16 11:43:18,394 INFO Prompt mutation for secondary_tool_router_block generated with model=oss120b
2026-02-16 11:43:36,977 INFO Prompt mutation for self_critique_block generated with model=oss120b
2026-02-16 11:43:54,134 INFO Prompt mutation for sub_plan_creation_block generated with model=oss120b
2026-02-16 11:44:13,794 INFO Prompt mutation for synthesis_block generated with model=oss120b
2026-02-16 11:44:26,807 INFO [training:prompt_scoring_snapshot] epoch=1/10 phase=prompt_improvement step=score_candidates msg=Epoch 1: prompt scoring diagnostics ready
2026-02-16 11:44:26,808 INFO [training:mutation_completed] epoch=1/10 phase=prompt_improvement step=mutations_ready msg=Epoch 1: mutation pass complete
2026-02-16 11:44:26,808 INFO Epoch 1/10 - Phase B candidate
2026-02-16 11:44:26,810 INFO [training:phase_started] epoch=1/10 phase=phase_b_eval step=evaluate_candidate msg=Epoch 1: evaluating candidate prompts
2026-02-16 11:44:26,811 INFO [training:case_started] epoch=1/10 phase=phase_b_eval step=case_run msg=Running case 1/5
2026-02-16 12:20:23,642 INFO Starting prompt A/B training: epochs=10, sampled_cases=5, thinking=med-synth
2026-02-16 12:20:23,643 INFO [training:run_started] epoch=0/10 phase=init step=startup msg=Training run initialized
2026-02-16 12:20:23,643 INFO [training:epoch_started] epoch=1/10 phase=epoch step=start msg=Epoch 1/10 started
2026-02-16 12:20:23,644 INFO [training:sample_selected] epoch=1/10 phase=sampling step=select_cases msg=Selected 5 case(s) for epoch 1
2026-02-16 12:20:23,644 INFO Epoch 1/10 - Phase A baseline
2026-02-16 12:20:23,644 INFO [training:phase_started] epoch=1/10 phase=phase_a_eval step=evaluate_baseline msg=Epoch 1: evaluating baseline prompts
2026-02-16 12:20:23,645 INFO [training:case_started] epoch=1/10 phase=phase_a_eval step=case_run msg=Running case 1/5
2026-02-16 12:22:21,734 INFO [training:case_completed] epoch=1/10 phase=phase_a_eval step=case_scored msg=Case 1/5 scored
2026-02-16 12:22:21,735 INFO [training:case_started] epoch=1/10 phase=phase_a_eval step=case_run msg=Running case 2/5
